<?xml version="1.0" encoding="UTF-8"?>
<testng-results skipped="0" failed="0" ignored="0" total="2" passed="2">
  <reporter-output>
  </reporter-output>
  <suite name="Default suite" duration-ms="4802" started-at="2021-02-11T10:39:45 EET" finished-at="2021-02-11T10:39:50 EET">
    <groups>
    </groups>
    <test name="Default test" duration-ms="4802" started-at="2021-02-11T10:39:45 EET" finished-at="2021-02-11T10:39:50 EET">
      <class name="ee.protoskoop.gwt.edulog.SessionTest">
        <test-method status="PASS" signature="setUp()[pri:0, instance:ee.protoskoop.gwt.edulog.SessionTest@fe18270]" name="setUp" is-config="true" duration-ms="87" started-at="2021-02-11T10:39:46 EET" finished-at="2021-02-11T10:39:46 EET">
          <reporter-output>
          </reporter-output>
        </test-method> <!-- setUp -->
        <test-method status="PASS" signature="sessionDataFromDatabase()[pri:0, instance:ee.protoskoop.gwt.edulog.SessionTest@fe18270]" name="sessionDataFromDatabase" duration-ms="4350" started-at="2021-02-11T10:39:46 EET" finished-at="2021-02-11T10:39:50 EET">
          <reporter-output>
          </reporter-output>
        </test-method> <!-- sessionDataFromDatabase -->
        <test-method status="PASS" signature="tearDown()[pri:0, instance:ee.protoskoop.gwt.edulog.SessionTest@fe18270]" name="tearDown" is-config="true" duration-ms="0" started-at="2021-02-11T10:39:50 EET" finished-at="2021-02-11T10:39:50 EET">
          <reporter-output>
          </reporter-output>
        </test-method> <!-- tearDown -->
        <test-method status="PASS" signature="setUp()[pri:0, instance:ee.protoskoop.gwt.edulog.SessionTest@fe18270]" name="setUp" is-config="true" duration-ms="2" started-at="2021-02-11T10:39:50 EET" finished-at="2021-02-11T10:39:50 EET">
          <reporter-output>
          </reporter-output>
        </test-method> <!-- setUp -->
        <test-method status="PASS" signature="sessionDataToDatabase()[pri:0, instance:ee.protoskoop.gwt.edulog.SessionTest@fe18270]" name="sessionDataToDatabase" duration-ms="111" started-at="2021-02-11T10:39:50 EET" finished-at="2021-02-11T10:39:50 EET">
          <reporter-output>
          </reporter-output>
        </test-method> <!-- sessionDataToDatabase -->
        <test-method status="PASS" signature="tearDown()[pri:0, instance:ee.protoskoop.gwt.edulog.SessionTest@fe18270]" name="tearDown" is-config="true" duration-ms="0" started-at="2021-02-11T10:39:50 EET" finished-at="2021-02-11T10:39:50 EET">
          <reporter-output>
          </reporter-output>
        </test-method> <!-- tearDown -->
      </class> <!-- ee.protoskoop.gwt.edulog.SessionTest -->
    </test> <!-- Default test -->
  </suite> <!-- Default suite -->
</testng-results>
